<?xml version="1.0" encoding="UTF-8"?>
<!-- Generated by org.testng.reporters.JUnitReportReporter -->
<testsuite hostname="DESKTOP-79AJ2TP" failures="0" tests="1" name="SampleTest" time="0.011" errors="0" timestamp="2021-12-31T10:54:48 IST" skipped="0">
  <testcase classname="SampleTest" name="print" time="0.011"/>
  <system-out/>
</testsuite> <!-- SampleTest -->
